android/app/seeds.txt
com.aicalcpro.MainActivity
com.aicalcpro.MainActivity: MainActivity()
...
com.google.android.material.floatingactionbutton.FloatingActionButton: float getCompatElevation()
com.google.android.gms.internal.ads.zzgim: java.lang.Object zza(com.google.android.gms.internal.ads.zzgdx)
com.google.android.gms.internal.measurement.zzid: void zzbS(int)
com.google.android.gms.internal.ads.zzdnl: zzdnl(com.google.android.gms.internal.ads.zzdni)
com.google.android.gms.ads.internal.util.zzw: zzw(com.google.android.gms.ads.internal.util.zzx,android.app.Activity)
com.google.firebase.components.DependencyException: DependencyException(java.lang.String)
com.google.android.gms.internal.mlkit_vision_digital_ink.zzbaf: zzbaf(com.google.android.gms.internal.mlkit_vision_digital_ink.zzaua)
com.google.android.gms.internal.ads.zzcis: com.google.android.gms.internal.ads.zzcis zzc(com.google.android.gms.internal.ads.zzcjn)
com.google.android.gms.internal.common.zzak: java.util.ListIterator listIterator()
com.google.android.gms.internal.measurement.zzdf: void writeToParcel(android.os.Parcel,int)
com.google.android.gms.internal.mlkit_vision_text_common.zzvj: java.lang.String zzd()
com.google.android.gms.ads.internal.client.zzce: zzce()
com.google.android.gms.internal.ads.zzfsv: void zzb(android.os.Bundle)
com.google.android.gms.internal.mlkit_vision_digital_ink.zzdp: java.util.Map zzh()
com.google.android.gms.internal.mlkit_vision_digital_ink.zzbeo: zzbeo(com.google.android.gms.internal.mlkit_vision_digital_ink.zzaua)
io.flutter.embedding.engine.deferredcomponents.PlayStoreDeferredComponentManager$FeatureInstallStateUpdatedListener: void onStateUpdate(java.lang.Object)
com.google.firebase.encoders.json.JsonDataEncoderBuilder$TimestampEncoder: JsonDataEncoderBuilder$TimestampEncoder(com.google.firebase.encoders.json.JsonDataEncoderBuilder$1)
com.google.android.gms.internal.location.zzcg: zzcg()
com.google.android.gms.internal.play_billing.zzig: int hashCode()
com.google.android.gms.internal.ads.zzfcn: zzfcn(com.google.android.gms.internal.ads.zzava)
com.google.android.gms.internal.mlkit_vision_digital_ink.zzbph: void zzb(com.google.android.gms.internal.mlkit_vision_digital_ink.zzbpk,int,java.lang.String)
com.google.android.gms.internal.mlkit_vision_digital_ink.zzaco: com.google.android.gms.internal.mlkit_vision_digital_ink.zzadi zzb(com.google.android.gms.internal.mlkit_vision_digital_ink.zzaco)
com.google.android.gms.internal.mlkit_vision_digital_ink.zzboa: com.google.android.gms.internal.mlkit_vision_digital_ink.zzboa zzb()
com.google.android.gms.internal.ads.zzbbq$zzau: com.google.android.gms.internal.ads.zzgzk zzx()
com.google.android.gms.internal.mlkit_common.zzsj: boolean zzf()
com.google.android.gms.measurement.internal.zzay: void zze(long)
com.google.android.gms.internal.ads.zzbbq$zzaf$zza$zza: com.google.android.gms.internal.ads.zzbbq$zzaf$zza$zza zzA()
com.google.android.gms.common.api.internal.zak: com.google.android.gms.common.api.internal.zaj zai(int)
androidx.lifecycle.ReportFragment$LifecycleCallbacks: void onActivityPreStopped(android.app.Activity)
io.flutter.plugins.sharedpreferences.SharedPreferencesPlugin$dataStoreSetString$2: java.lang.Object invoke(java.lang.Object,java.lang.Object)
com.google.android.gms.internal.mlkit_vision_text_common.zzjj: void encode(java.lang.Object,java.lang.Object)
com.google.android.gms.internal.ads.zzcki: java.lang.Object zzb()
com.google.android.gms.common.data.DataHolder: DataHolder(int,java.lang.String[],android.database.CursorWindow[],int,android.os.Bundle)
com.google.android.gms.internal.ads.zzbrt: java.lang.Object createFromParcel(android.os.Parcel)
com.google.android.gms.internal.play_billing.zzdn: com.google.android.gms.internal.play_billing.zzco zzd()
com.google.android.gms.internal.play_billing.zzdr: int zzt(java.lang.Object,boolean)
com.google.android.gms.dynamic.zza: void zzq(android.content.Intent,int)
com.google.android.gms.internal.measurement.zzpa: java.lang.String zzM()